SF:src/webui_pipeline/__init__.py
DA:5,1
DA:6,1
DA:9,1
LF:3
LH:3
end_of_record
SF:src/webui_pipeline/blueprints/__init__.py
DA:5,1
DA:6,1
LF:2
LH:2
end_of_record
SF:src/webui_pipeline/blueprints/function_calling_blueprint.py
DA:1,1
DA:2,1
DA:3,1
DA:4,1
DA:5,1
DA:6,1
DA:8,1
DA:15,1
DA:25,1
DA:26,1
DA:29,1
DA:34,1
DA:37,1
DA:38,1
DA:39,1
DA:40,1
DA:42,1
DA:45,0
DA:52,0
DA:53,0
DA:54,0
DA:57,0
DA:78,1
DA:80,0
DA:81,0
DA:83,1
DA:85,0
DA:86,0
DA:88,1
DA:90,0
DA:91,0
DA:93,0
DA:94,0
DA:97,0
DA:100,0
DA:102,0
DA:103,0
DA:110,0
DA:111,0
DA:113,0
DA:116,1
DA:117,0
DA:118,0
DA:120,0
DA:121,0
DA:122,0
DA:123,0
DA:124,0
DA:125,0
DA:128,0
DA:129,0
DA:133,0
DA:138,0
DA:140,1
DA:141,0
DA:142,0
DA:144,0
DA:167,0
DA:169,0
DA:170,0
DA:173,0
DA:174,0
DA:175,0
DA:176,0
DA:178,0
DA:179,0
DA:181,0
DA:182,0
DA:183,0
DA:184,0
DA:185,0
DA:187,0
LF:72
LH:22
FN:42,76,Pipeline.__init__
FNDA:0,Pipeline.__init__
FN:78,81,Pipeline.on_startup
FNDA:0,Pipeline.on_startup
FN:83,86,Pipeline.on_shutdown
FNDA:0,Pipeline.on_shutdown
FN:88,113,Pipeline.inlet
FNDA:0,Pipeline.inlet
FN:116,138,Pipeline.call_function
FNDA:0,Pipeline.call_function
FN:140,187,Pipeline.run_completion
FNDA:0,Pipeline.run_completion
FNF:6
FNH:0
end_of_record
SF:src/webui_pipeline/config.py
DA:1,1
DA:7,1
DA:8,1
DA:10,1
DA:11,0
DA:12,0
DA:14,1
DA:15,1
LF:8
LH:6
end_of_record
SF:src/webui_pipeline/main.py
DA:1,1
DA:2,1
DA:3,1
DA:6,1
DA:7,1
DA:8,1
DA:11,1
DA:12,1
DA:13,1
DA:15,1
DA:16,1
DA:17,1
DA:18,1
DA:20,1
DA:21,1
DA:22,1
DA:23,1
DA:24,1
DA:25,1
DA:26,1
DA:27,1
DA:28,1
DA:29,1
DA:32,1
DA:34,1
DA:35,0
DA:38,1
DA:39,1
DA:40,1
DA:43,1
DA:44,0
DA:45,0
DA:46,0
DA:48,0
DA:49,0
DA:50,0
DA:53,0
DA:54,0
DA:56,0
DA:58,0
DA:59,0
DA:61,0
DA:62,0
DA:63,0
DA:67,0
DA:76,0
DA:77,0
DA:99,0
DA:107,0
DA:110,1
DA:111,0
DA:112,0
DA:113,0
DA:114,0
DA:115,0
DA:116,0
DA:119,1
DA:120,0
DA:121,0
DA:122,0
DA:123,0
DA:124,0
DA:126,0
DA:129,1
DA:131,0
DA:133,0
DA:134,0
DA:137,0
DA:138,0
DA:139,0
DA:140,0
DA:141,0
DA:142,0
DA:145,0
DA:146,0
DA:149,0
DA:150,0
DA:151,0
DA:152,0
DA:153,0
DA:154,0
DA:156,0
DA:157,0
DA:158,0
DA:161,0
DA:162,0
DA:163,0
DA:165,0
DA:166,0
DA:167,0
DA:168,0
DA:171,1
DA:175,0
DA:176,0
DA:177,0
DA:178,0
DA:181,0
DA:182,0
DA:183,0
DA:184,0
DA:187,0
DA:188,0
DA:189,0
DA:190,0
DA:191,0
DA:193,0
DA:194,0
DA:196,0
DA:197,0
DA:198,0
DA:199,0
DA:200,0
DA:202,0
DA:206,0
DA:207,0
DA:209,0
DA:211,0
DA:212,0
DA:213,0
DA:214,0
DA:216,0
DA:219,0
DA:222,1
DA:223,0
DA:225,0
DA:226,0
DA:227,0
DA:230,1
DA:231,0
DA:232,0
DA:233,0
DA:236,1
DA:237,0
DA:239,0
DA:240,0
DA:241,0
DA:243,0
DA:246,1
DA:247,1
DA:248,0
DA:249,0
DA:250,0
DA:253,1
DA:255,1
DA:258,1
DA:261,1
DA:270,1
DA:271,1
DA:272,0
DA:273,0
DA:274,0
DA:275,0
DA:276,0
DA:278,0
DA:281,1
DA:282,1
DA:283,1
DA:287,0
DA:288,0
DA:320,1
DA:321,1
DA:322,1
DA:323,0
DA:326,1
DA:327,1
DA:328,1
DA:329,0
DA:330,0
DA:350,0
DA:356,1
DA:357,1
DA:360,1
DA:361,0
DA:362,0
DA:363,0
DA:368,0
DA:370,0
DA:371,0
DA:372,0
DA:373,0
DA:377,0
DA:378,0
DA:380,0
DA:383,1
DA:384,1
DA:385,1
DA:388,0
DA:389,0
DA:394,0
DA:395,0
DA:397,0
DA:398,0
DA:399,0
DA:400,0
DA:404,0
DA:405,0
DA:406,0
DA:407,0
DA:413,1
DA:414,1
DA:415,1
DA:418,0
DA:419,0
DA:424,0
DA:425,0
DA:426,0
DA:431,0
DA:433,0
DA:436,0
DA:439,0
DA:440,0
DA:443,0
DA:445,0
DA:449,0
DA:450,0
DA:451,0
DA:452,0
DA:458,1
DA:459,1
DA:462,1
DA:463,1
DA:464,1
DA:467,0
DA:468,0
DA:473,0
DA:474,0
DA:476,0
DA:477,0
DA:478,0
DA:480,0
DA:481,0
DA:482,0
DA:483,0
DA:484,0
DA:489,0
DA:495,1
DA:496,1
DA:497,1
DA:498,0
DA:499,0
DA:500,0
DA:502,0
DA:508,1
DA:509,1
DA:510,1
DA:511,0
DA:512,0
DA:517,0
DA:519,0
DA:520,0
DA:525,0
DA:528,1
DA:529,1
DA:530,1
DA:531,0
DA:532,0
DA:537,0
DA:539,0
DA:540,0
DA:545,0
DA:548,1
DA:549,1
DA:550,1
DA:552,0
DA:553,0
DA:558,0
DA:560,0
DA:561,0
DA:566,0
DA:567,0
DA:568,0
DA:569,0
DA:572,0
DA:573,0
DA:576,0
DA:577,0
DA:579,0
DA:580,0
DA:581,0
DA:582,0
DA:583,0
DA:588,0
DA:591,1
DA:592,1
DA:593,1
DA:594,0
DA:595,0
DA:600,0
DA:601,0
DA:602,0
DA:603,0
DA:604,0
DA:605,0
DA:607,0
DA:609,0
DA:610,0
DA:611,0
DA:612,0
DA:614,0
DA:615,0
DA:616,0
DA:617,0
DA:623,1
DA:624,1
DA:625,1
DA:626,0
DA:627,0
DA:632,0
DA:633,0
DA:634,0
DA:635,0
DA:636,0
DA:637,0
DA:639,0
DA:641,0
DA:642,0
DA:643,0
DA:644,0
DA:646,0
DA:647,0
DA:648,0
DA:649,0
DA:655,1
DA:656,1
DA:657,1
DA:658,0
DA:659,0
DA:661,0
DA:665,0
DA:670,0
DA:671,0
DA:673,0
DA:674,0
DA:676,0
DA:678,0
DA:679,0
DA:680,0
DA:682,0
DA:684,0
DA:686,0
DA:687,0
DA:694,0
DA:696,0
DA:697,0
DA:698,0
DA:699,0
DA:701,0
DA:702,0
DA:703,0
DA:704,0
DA:705,0
DA:707,0
DA:708,0
DA:709,0
DA:710,0
DA:712,0
DA:714,0
DA:715,0
DA:717,0
DA:718,0
DA:720,0
DA:721,0
DA:736,0
DA:737,0
DA:739,0
DA:741,0
DA:747,0
DA:749,0
DA:750,0
DA:751,0
DA:752,0
DA:755,0
DA:757,0
DA:758,0
DA:760,0
DA:761,0
DA:762,0
DA:764,0
DA:765,0
DA:783,0
LF:380
LH:88
FN:43,107,get_all_pipelines
FNDA:0,get_all_pipelines
FN:110,116,parse_frontmatter
FNDA:0,parse_frontmatter
FN:119,126,install_frontmatter_requirements
FNDA:0,install_frontmatter_requirements
FN:129,168,load_module_from_path
FNDA:0,load_module_from_path
FN:171,219,load_modules_from_directory
FNDA:0,load_modules_from_directory
FN:222,227,on_startup
FNDA:0,on_startup
FN:230,233,on_shutdown
FNDA:0,on_shutdown
FN:236,243,reload
FNDA:0,reload
FN:247,250,lifespan
FNDA:0,lifespan
FN:271,278,check_url
FNDA:0,check_url
FN:283,317,get_models
FNDA:0,get_models
FN:322,323,get_status
FNDA:0,get_status
FN:328,353,list_pipelines
FNDA:0,list_pipelines
FN:360,380,download_file
FNDA:0,download_file
FN:385,410,add_pipeline
FNDA:0,add_pipeline
FN:415,455,upload_pipeline
FNDA:0,upload_pipeline
FN:464,492,delete_pipeline
FNDA:0,delete_pipeline
FN:497,505,reload_pipelines
FNDA:0,reload_pipelines
FN:510,525,get_valves
FNDA:0,get_valves
FN:530,545,get_valves_spec
FNDA:0,get_valves_spec
FN:550,588,update_valves
FNDA:0,update_valves
FN:593,620,filter_inlet
FNDA:0,filter_inlet
FN:625,652,filter_outlet
FNDA:0,filter_outlet
FN:657,783,generate_openai_chat_completion
FNDA:0,generate_openai_chat_completion
FN:670,781,generate_openai_chat_completion.job
FNDA:0,generate_openai_chat_completion.job
FN:686,737,generate_openai_chat_completion.job.stream_content
FNDA:0,generate_openai_chat_completion.job.stream_content
FNF:26
FNH:0
end_of_record
SF:src/webui_pipeline/pipelines/__init__.py
DA:5,1
DA:6,1
LF:2
LH:2
end_of_record
SF:src/webui_pipeline/pipelines/armms.py
DA:1,1
DA:2,1
DA:4,1
DA:5,1
DA:7,1
DA:8,1
DA:9,1
DA:11,1
DA:13,1
DA:14,1
DA:15,1
DA:16,1
DA:17,1
DA:18,1
DA:19,1
DA:20,1
DA:23,1
DA:26,1
DA:27,1
DA:28,1
DA:29,1
DA:30,1
DA:32,1
DA:34,1
DA:35,1
DA:36,1
DA:38,1
DA:40,1
DA:42,1
DA:43,1
DA:46,1
DA:47,1
DA:52,1
DA:53,1
DA:56,1
DA:58,1
DA:61,1
DA:66,1
DA:68,1
DA:69,1
DA:71,1
DA:74,1
DA:75,1
DA:76,1
DA:77,1
DA:78,0
DA:81,0
DA:83,1
DA:94,1
DA:95,1
DA:97,0
DA:98,0
DA:102,1
DA:104,1
DA:105,1
DA:107,0
DA:110,0
DA:111,1
DA:113,0
DA:115,0
DA:117,1
DA:118,0
DA:120,1
DA:122,1
DA:124,1
DA:127,1
DA:128,0
DA:129,1
DA:130,0
DA:131,1
DA:133,0
DA:134,1
DA:136,1
DA:137,1
DA:139,1
DA:144,1
DA:145,0
DA:148,1
DA:149,0
DA:150,0
DA:152,1
DA:153,0
DA:155,1
DA:156,0
DA:157,0
DA:158,0
DA:160,1
DA:165,1
DA:168,0
DA:169,1
DA:175,1
DA:180,1
DA:182,1
DA:183,0
DA:185,0
DA:186,0
DA:187,1
DA:189,1
DA:191,0
DA:192,1
DA:194,1
DA:195,0
DA:198,1
DA:199,1
DA:200,0
DA:202,1
DA:209,1
DA:210,1
DA:213,0
DA:215,0
DA:216,1
DA:218,0
DA:221,0
DA:222,1
DA:223,1
DA:224,0
DA:227,0
DA:228,1
DA:229,1
DA:232,0
DA:234,1
DA:237,0
DA:238,0
DA:243,0
DA:244,0
DA:247,0
DA:248,0
DA:249,0
DA:250,0
DA:251,0
DA:252,0
DA:253,0
DA:255,0
DA:257,0
DA:258,0
LF:135
LH:88
FN:46,53,generate_jwt
FNDA:1,generate_jwt
FN:56,71,send_request
FNDA:1,send_request
FN:75,92,Model.__init__
FNDA:1,Model.__init__
FN:95,102,Store.__init__
FNDA:1,Store.__init__
FN:104,105,Store.from_documents
FNDA:1,Store.from_documents
FN:107,145,Store.get_retriever
FNDA:1,Store.get_retriever
FN:148,150,Store.import_data
FNDA:0,Store.import_data
FN:152,153,Store.close_connection
FNDA:0,Store.close_connection
FN:156,165,Chain.__init__
FNDA:1,Chain.__init__
FN:168,175,Chain.get_rag_chain
FNDA:1,Chain.get_rag_chain
FN:182,183,Pipeline.__init__
FNDA:0,Pipeline.__init__
FN:185,189,Pipeline.on_startup
FNDA:1,Pipeline.on_startup
FN:191,192,Pipeline.on_shutdown
FNDA:1,Pipeline.on_shutdown
FN:194,200,Pipeline.inlet
FNDA:1,Pipeline.inlet
FN:202,232,Pipeline.pipe
FNDA:1,Pipeline.pipe
FN:234,255,main
FNDA:0,main
FNF:16
FNH:12
end_of_record
SF:src/webui_pipeline/schemas.py
DA:1,1
DA:2,1
DA:4,1
DA:5,1
DA:6,1
DA:8,1
DA:11,1
DA:12,1
DA:13,1
DA:14,1
DA:16,1
DA:19,1
DA:20,1
DA:21,1
DA:22,1
LF:15
LH:15
end_of_record
SF:src/webui_pipeline/utils/pipelines/__init__.py
DA:5,1
DA:6,1
LF:2
LH:2
end_of_record
SF:src/webui_pipeline/utils/pipelines/auth.py
DA:1,1
DA:2,1
DA:5,1
DA:6,1
DA:9,1
DA:10,1
DA:11,1
DA:12,1
DA:13,1
DA:15,1
DA:16,1
DA:19,1
DA:22,1
DA:23,1
DA:29,1
DA:30,1
DA:33,1
DA:34,0
DA:39,1
DA:40,0
DA:43,1
DA:44,0
DA:46,0
DA:47,0
DA:48,0
DA:50,0
DA:51,0
DA:54,1
DA:55,0
DA:56,0
DA:57,0
DA:58,0
DA:59,0
DA:62,1
DA:63,0
DA:66,1
DA:69,0
DA:71,0
DA:72,0
DA:77,0
LF:40
LH:22
FN:33,36,verify_password
FNDA:0,verify_password
FN:39,40,get_password_hash
FNDA:0,get_password_hash
FN:43,51,create_token
FNDA:0,create_token
FN:54,59,decode_token
FNDA:0,decode_token
FN:62,63,extract_token_from_auth_header
FNDA:0,extract_token_from_auth_header
FN:66,77,get_current_user
FNDA:0,get_current_user
FNF:6
FNH:0
end_of_record
SF:src/webui_pipeline/utils/pipelines/main.py
DA:1,1
DA:2,1
DA:4,1
DA:5,1
DA:7,1
DA:8,1
DA:11,1
DA:12,0
DA:28,1
DA:29,0
DA:30,0
DA:31,0
DA:32,0
DA:33,0
DA:34,0
DA:35,0
DA:36,0
DA:39,1
DA:40,0
DA:41,0
DA:42,0
DA:43,0
DA:44,0
DA:45,0
DA:46,0
DA:47,0
DA:50,1
DA:51,0
DA:52,0
DA:53,0
DA:54,0
DA:57,1
DA:58,0
DA:61,1
DA:62,0
DA:65,1
DA:75,0
DA:76,0
DA:79,0
DA:81,0
DA:84,1
DA:85,0
DA:86,0
DA:87,0
DA:89,0
DA:90,0
DA:91,0
DA:92,0
DA:93,0
DA:94,0
DA:95,0
DA:98,1
DA:99,0
DA:105,0
DA:107,0
DA:108,0
DA:109,0
DA:111,0
DA:112,0
DA:153,0
LF:60
LH:15
FN:11,25,stream_message_template
FNDA:0,stream_message_template
FN:28,36,get_last_user_message
FNDA:0,get_last_user_message
FN:39,47,get_last_assistant_message
FNDA:0,get_last_assistant_message
FN:50,54,get_system_message
FNDA:0,get_system_message
FN:57,58,remove_system_message
FNDA:0,remove_system_message
FN:61,62,pop_system_message
FNDA:0,pop_system_message
FN:65,81,add_or_update_system_message
FNDA:0,add_or_update_system_message
FN:84,95,doc_to_dict
FNDA:0,doc_to_dict
FN:98,153,get_tools_specs
FNDA:0,get_tools_specs
FNF:9
FNH:0
end_of_record
SF:src/webui_pipeline/utils/pipelines/misc.py
DA:1,1
DA:4,1
DA:20,0
DA:23,0
DA:25,0
DA:26,0
DA:27,0
DA:28,0
DA:31,0
DA:32,0
DA:35,0
LF:11
LH:2
FN:4,35,convert_to_raw_url
FNDA:0,convert_to_raw_url
FNF:1
FNH:0
end_of_record
SF:tests/__init__.py
DA:5,1
DA:6,1
LF:2
LH:2
end_of_record
SF:tests/test_pipeline.py
DA:1,1
DA:2,1
DA:3,1
DA:5,1
DA:6,1
DA:7,1
DA:8,1
DA:10,1
DA:11,1
DA:13,1
DA:22,1
DA:24,1
DA:26,1
DA:27,1
DA:29,1
DA:31,1
DA:33,1
DA:34,1
DA:36,1
DA:38,1
DA:40,1
DA:41,1
DA:43,1
DA:46,1
DA:48,1
DA:49,1
DA:51,1
LF:27
LH:27
FN:6,8,TestPipeline.setUp
FNDA:1,TestPipeline.setUp
FN:10,11,TestPipeline.tearDown
FNDA:1,TestPipeline.tearDown
FN:13,24,TestPipeline.test_inlet
FNDA:1,TestPipeline.test_inlet
FN:26,29,TestPipeline.test_pipe_no_user
FNDA:1,TestPipeline.test_pipe_no_user
FN:31,36,TestPipeline.test_pipe_malformed_sub
FNDA:1,TestPipeline.test_pipe_malformed_sub
FN:38,43,TestPipeline.test_pipe_invalid_user
FNDA:1,TestPipeline.test_pipe_invalid_user
FN:46,51,TestPipeline.test_pipe_valid_user_connected_to_storage
FNDA:1,TestPipeline.test_pipe_valid_user_connected_to_storage
FNF:7
FNH:7
end_of_record
